#
# There is insufficient memory for the Java Runtime Environment to continue.
# Native memory allocation (malloc) failed to allocate 160496 bytes. Error detail: Chunk::new
# Possible reasons:
#   The system is out of physical RAM or swap space
#   This process is running with CompressedOops enabled, and the Java Heap may be blocking the growth of the native heap
# Possible solutions:
#   Reduce memory load on the system
#   Increase physical memory or swap space
#   Check if swap backing store is full
#   Decrease Java heap size (-Xmx/-Xms)
#   Decrease number of Java threads
#   Decrease Java thread stack sizes (-Xss)
#   Set larger code cache with -XX:ReservedCodeCacheSize=
#   JVM is running with Unscaled Compressed Oops mode in which the Java heap is
#     placed in the first 4GB address space. The Java Heap base address is the
#     maximum limit for the native heap growth. Please use -XX:HeapBaseMinAddress
#     to set the Java Heap base and to place the Java Heap above 4GB virtual address.
# This output file may be truncated or incomplete.
#
#  Out of Memory Error (arena.cpp:168), pid=4208, tid=13364
#
# JRE version: OpenJDK Runtime Environment Temurin-21.0.6+7 (21.0.6+7) (build 21.0.6+7-LTS)
# Java VM: OpenJDK 64-Bit Server VM Temurin-21.0.6+7 (21.0.6+7-LTS, mixed mode, sharing, tiered, compressed oops, compressed class ptrs, g1 gc, windows-amd64)
# No core dump will be written. Minidumps are not enabled by default on client versions of Windows
#

---------------  S U M M A R Y ------------

Command Line: -Dfile.encoding=UTF-8 -Dstdout.encoding=UTF-8 -Dstderr.encoding=UTF-8 -XX:+ShowCodeDetailsInExceptionMessages org.test.SampleNew

Host: Intel(R) Core(TM) i5-5300U CPU @ 2.30GHz, 4 cores, 7G,  Windows 10 , 64 bit Build 19041 (10.0.19041.5915)
Time: Sat Oct 11 20:54:54 2025 India Standard Time elapsed time: 1.798977 seconds (0d 0h 0m 1s)

---------------  T H R E A D  ---------------

Current thread (0x000001dc2a210030):  JavaThread "C2 CompilerThread0" daemon [_thread_in_native, id=13364, stack(0x0000008ce9900000,0x0000008ce9a00000) (1024K)]


Current CompileTask:
C2:1799 1253       4       java.lang.StringLatin1::toLowerCase (186 bytes)

Stack: [0x0000008ce9900000,0x0000008ce9a00000]
Native frames: (J=compiled Java code, j=interpreted, Vv=VM code, C=native code)
V  [jvm.dll+0x6cdee9]
V  [jvm.dll+0x8a83d1]
V  [jvm.dll+0x8aa8fe]
V  [jvm.dll+0x8aafe3]
V  [jvm.dll+0x27f706]
V  [jvm.dll+0xc500d]
V  [jvm.dll+0xc5543]
V  [jvm.dll+0x3b6752]
V  [jvm.dll+0x382935]
V  [jvm.dll+0x381d9a]
V  [jvm.dll+0x2479f0]
V  [jvm.dll+0x246fcf]
V  [jvm.dll+0x1c75ee]
V  [jvm.dll+0x25685a]
V  [jvm.dll+0x254dfa]
V  [jvm.dll+0x3f0256]
V  [jvm.dll+0x851f8b]
V  [jvm.dll+0x6cc5ed]
C  [ucrtbase.dll+0x21bb2]
C  [KERNEL32.DLL+0x17374]
C  [ntdll.dll+0x4cc91]


---------------  P R O C E S S  ---------------

Threads class SMR info:
_java_thread_list=0x000001dc2a907370, length=13, elements={
0x000001dc10997c50, 0x000001dc2a207100, 0x000001dc2a208d10, 0x000001dc2a20b3b0,
0x000001dc2a20be00, 0x000001dc2a20c850, 0x000001dc2a20d2a0, 0x000001dc2a210030,
0x000001dc2a227a40, 0x000001dc2a35c800, 0x000001dc2a367800, 0x000001dc2a7d25a0,
0x000001dc2aa25370
}

Java Threads: ( => current thread )
  0x000001dc10997c50 JavaThread "main"                              [_thread_in_vm, id=21412, stack(0x0000008ce8b00000,0x0000008ce8c00000) (1024K)]
  0x000001dc2a207100 JavaThread "Reference Handler"          daemon [_thread_blocked, id=17460, stack(0x0000008ce9300000,0x0000008ce9400000) (1024K)]
  0x000001dc2a208d10 JavaThread "Finalizer"                  daemon [_thread_blocked, id=11464, stack(0x0000008ce9400000,0x0000008ce9500000) (1024K)]
  0x000001dc2a20b3b0 JavaThread "Signal Dispatcher"          daemon [_thread_blocked, id=21852, stack(0x0000008ce9500000,0x0000008ce9600000) (1024K)]
  0x000001dc2a20be00 JavaThread "Attach Listener"            daemon [_thread_blocked, id=20720, stack(0x0000008ce9600000,0x0000008ce9700000) (1024K)]
  0x000001dc2a20c850 JavaThread "Service Thread"             daemon [_thread_blocked, id=10156, stack(0x0000008ce9700000,0x0000008ce9800000) (1024K)]
  0x000001dc2a20d2a0 JavaThread "Monitor Deflation Thread"   daemon [_thread_blocked, id=21676, stack(0x0000008ce9800000,0x0000008ce9900000) (1024K)]
=>0x000001dc2a210030 JavaThread "C2 CompilerThread0"         daemon [_thread_in_native, id=13364, stack(0x0000008ce9900000,0x0000008ce9a00000) (1024K)]
  0x000001dc2a227a40 JavaThread "C1 CompilerThread0"         daemon [_thread_blocked, id=8840, stack(0x0000008ce9a00000,0x0000008ce9b00000) (1024K)]
  0x000001dc2a35c800 JavaThread "Notification Thread"        daemon [_thread_blocked, id=12304, stack(0x0000008ce9b00000,0x0000008ce9c00000) (1024K)]
  0x000001dc2a367800 JavaThread "Common-Cleaner"             daemon [_thread_blocked, id=3388, stack(0x0000008ce9c00000,0x0000008ce9d00000) (1024K)]
  0x000001dc2a7d25a0 JavaThread "ForkJoinPool.commonPool-worker-1" daemon [_thread_blocked, id=21776, stack(0x0000008ce9d00000,0x0000008ce9e00000) (1024K)]
  0x000001dc2aa25370 JavaThread "C2 CompilerThread1"         daemon [_thread_in_native, id=18720, stack(0x0000008cea100000,0x0000008cea200000) (1024K)]
Total: 13

Other Threads:
  0x000001dc2a1ebea0 VMThread "VM Thread"                           [id=16196, stack(0x0000008ce9200000,0x0000008ce9300000) (1024K)]
  0x000001dc2a1d8140 WatcherThread "VM Periodic Task Thread"        [id=13716, stack(0x0000008ce9100000,0x0000008ce9200000) (1024K)]
  0x000001dc12c59a40 WorkerThread "GC Thread#0"                     [id=1436, stack(0x0000008ce8c00000,0x0000008ce8d00000) (1024K)]
  0x000001dc2a90fed0 WorkerThread "GC Thread#1"                     [id=18252, stack(0x0000008ce9e00000,0x0000008ce9f00000) (1024K)]
  0x000001dc2a91da10 WorkerThread "GC Thread#2"                     [id=1628, stack(0x0000008ce9f00000,0x0000008cea000000) (1024K)]
  0x000001dc2a911630 WorkerThread "GC Thread#3"                     [id=19412, stack(0x0000008cea000000,0x0000008cea100000) (1024K)]
  0x000001dc12c6a5a0 ConcurrentGCThread "G1 Main Marker"            [id=20588, stack(0x0000008ce8d00000,0x0000008ce8e00000) (1024K)]
  0x000001dc12c6b8f0 WorkerThread "G1 Conc#0"                       [id=708, stack(0x0000008ce8e00000,0x0000008ce8f00000) (1024K)]
  0x000001dc2a0950e0 ConcurrentGCThread "G1 Refine#0"               [id=20348, stack(0x0000008ce8f00000,0x0000008ce9000000) (1024K)]
  0x000001dc2a095b50 ConcurrentGCThread "G1 Service"                [id=2584, stack(0x0000008ce9000000,0x0000008ce9100000) (1024K)]
Total: 10

Threads with active compile tasks:
C2 CompilerThread0  1844 1253       4       java.lang.StringLatin1::toLowerCase (186 bytes)
C2 CompilerThread1  1844 1292   !   4       java.util.concurrent.ConcurrentHashMap::putVal (432 bytes)
Total: 2

VM state: not at safepoint (normal execution)

VM Mutex/Monitor currently owned by a thread: None

Heap address: 0x0000000081c00000, size: 2020 MB, Compressed Oops mode: 32-bit

CDS archive(s) mapped at: [0x000001dc2b000000-0x000001dc2bc80000-0x000001dc2bc80000), size 13107200, SharedBaseAddress: 0x000001dc2b000000, ArchiveRelocationMode: 1.
Compressed class space mapped at: 0x000001dc2c000000-0x000001dc6c000000, reserved size: 1073741824
Narrow klass base: 0x000001dc2b000000, Narrow klass shift: 0, Narrow klass range: 0x100000000

GC Precious Log:
 CardTable entry size: 512
 Card Set container configuration: InlinePtr #cards 5 size 8 Array Of Cards #cards 12 size 40 Howl #buckets 4 coarsen threshold 1843 Howl Bitmap #cards 512 size 80 coarsen threshold 460 Card regions per heap region 1 cards per card region 2048
 CPUs: 4 total, 4 available
 Memory: 8072M
 Large Page Support: Disabled
 NUMA Support: Disabled
 Compressed Oops: Enabled (32-bit)
 Heap Region Size: 1M
 Heap Min Capacity: 8M
 Heap Initial Capacity: 128M
 Heap Max Capacity: 2020M
 Pre-touch: Disabled
 Parallel Workers: 4
 Concurrent Workers: 1
 Concurrent Refinement Workers: 4
 Periodic GC: Disabled

Heap:
 garbage-first heap   total 131072K, used 11711K [0x0000000081c00000, 0x0000000100000000)
  region size 1024K, 10 young (10240K), 2 survivors (2048K)
 Metaspace       used 6391K, committed 6592K, reserved 1114112K
  class space    used 699K, committed 832K, reserved 1048576K

Heap Regions: E=young(eden), S=young(survivor), O=old, HS=humongous(starts), HC=humongous(continues), CS=collection set, F=free, TAMS=top-at-mark-start, PB=parsable bottom
|   0|0x0000000081c00000, 0x0000000081d00000, 0x0000000081d00000|100%|HS|  |TAMS 0x0000000081c00000| PB 0x0000000081c00000| Complete 
|   1|0x0000000081d00000, 0x0000000081e00000, 0x0000000081e00000|100%| O|  |TAMS 0x0000000081d00000| PB 0x0000000081d00000| Untracked 
|   2|0x0000000081e00000, 0x0000000081f00000, 0x0000000081f00000|100%| O|  |TAMS 0x0000000081e00000| PB 0x0000000081e00000| Untracked 
|   3|0x0000000081f00000, 0x0000000081f6ff90, 0x0000000082000000| 43%| O|  |TAMS 0x0000000081f00000| PB 0x0000000081f00000| Untracked 
|   4|0x0000000082000000, 0x0000000082000000, 0x0000000082100000|  0%| F|  |TAMS 0x0000000082000000| PB 0x0000000082000000| Untracked 
|   5|0x0000000082100000, 0x0000000082100000, 0x0000000082200000|  0%| F|  |TAMS 0x0000000082100000| PB 0x0000000082100000| Untracked 
|   6|0x0000000082200000, 0x0000000082200000, 0x0000000082300000|  0%| F|  |TAMS 0x0000000082200000| PB 0x0000000082200000| Untracked 
|   7|0x0000000082300000, 0x0000000082300000, 0x0000000082400000|  0%| F|  |TAMS 0x0000000082300000| PB 0x0000000082300000| Untracked 
|   8|0x0000000082400000, 0x0000000082400000, 0x0000000082500000|  0%| F|  |TAMS 0x0000000082400000| PB 0x0000000082400000| Untracked 
|   9|0x0000000082500000, 0x0000000082500000, 0x0000000082600000|  0%| F|  |TAMS 0x0000000082500000| PB 0x0000000082500000| Untracked 
|  10|0x0000000082600000, 0x0000000082600000, 0x0000000082700000|  0%| F|  |TAMS 0x0000000082600000| PB 0x0000000082600000| Untracked 
|  11|0x0000000082700000, 0x0000000082700000, 0x0000000082800000|  0%| F|  |TAMS 0x0000000082700000| PB 0x0000000082700000| Untracked 
|  12|0x0000000082800000, 0x0000000082800000, 0x0000000082900000|  0%| F|  |TAMS 0x0000000082800000| PB 0x0000000082800000| Untracked 
|  13|0x0000000082900000, 0x0000000082900000, 0x0000000082a00000|  0%| F|  |TAMS 0x0000000082900000| PB 0x0000000082900000| Untracked 
|  14|0x0000000082a00000, 0x0000000082a00000, 0x0000000082b00000|  0%| F|  |TAMS 0x0000000082a00000| PB 0x0000000082a00000| Untracked 
|  15|0x0000000082b00000, 0x0000000082b00000, 0x0000000082c00000|  0%| F|  |TAMS 0x0000000082b00000| PB 0x0000000082b00000| Untracked 
|  16|0x0000000082c00000, 0x0000000082c00000, 0x0000000082d00000|  0%| F|  |TAMS 0x0000000082c00000| PB 0x0000000082c00000| Untracked 
|  17|0x0000000082d00000, 0x0000000082d00000, 0x0000000082e00000|  0%| F|  |TAMS 0x0000000082d00000| PB 0x0000000082d00000| Untracked 
|  18|0x0000000082e00000, 0x0000000082e00000, 0x0000000082f00000|  0%| F|  |TAMS 0x0000000082e00000| PB 0x0000000082e00000| Untracked 
|  19|0x0000000082f00000, 0x0000000082f00000, 0x0000000083000000|  0%| F|  |TAMS 0x0000000082f00000| PB 0x0000000082f00000| Untracked 
|  20|0x0000000083000000, 0x0000000083000000, 0x0000000083100000|  0%| F|  |TAMS 0x0000000083000000| PB 0x0000000083000000| Untracked 
|  21|0x0000000083100000, 0x0000000083100000, 0x0000000083200000|  0%| F|  |TAMS 0x0000000083100000| PB 0x0000000083100000| Untracked 
|  22|0x0000000083200000, 0x0000000083200000, 0x0000000083300000|  0%| F|  |TAMS 0x0000000083200000| PB 0x0000000083200000| Untracked 
|  23|0x0000000083300000, 0x0000000083300000, 0x0000000083400000|  0%| F|  |TAMS 0x0000000083300000| PB 0x0000000083300000| Untracked 
|  24|0x0000000083400000, 0x0000000083400000, 0x0000000083500000|  0%| F|  |TAMS 0x0000000083400000| PB 0x0000000083400000| Untracked 
|  25|0x0000000083500000, 0x0000000083500000, 0x0000000083600000|  0%| F|  |TAMS 0x0000000083500000| PB 0x0000000083500000| Untracked 
|  26|0x0000000083600000, 0x0000000083600000, 0x0000000083700000|  0%| F|  |TAMS 0x0000000083600000| PB 0x0000000083600000| Untracked 
|  27|0x0000000083700000, 0x0000000083700000, 0x0000000083800000|  0%| F|  |TAMS 0x0000000083700000| PB 0x0000000083700000| Untracked 
|  28|0x0000000083800000, 0x0000000083800000, 0x0000000083900000|  0%| F|  |TAMS 0x0000000083800000| PB 0x0000000083800000| Untracked 
|  29|0x0000000083900000, 0x0000000083900000, 0x0000000083a00000|  0%| F|  |TAMS 0x0000000083900000| PB 0x0000000083900000| Untracked 
|  30|0x0000000083a00000, 0x0000000083a00000, 0x0000000083b00000|  0%| F|  |TAMS 0x0000000083a00000| PB 0x0000000083a00000| Untracked 
|  31|0x0000000083b00000, 0x0000000083b00000, 0x0000000083c00000|  0%| F|  |TAMS 0x0000000083b00000| PB 0x0000000083b00000| Untracked 
|  32|0x0000000083c00000, 0x0000000083c00000, 0x0000000083d00000|  0%| F|  |TAMS 0x0000000083c00000| PB 0x0000000083c00000| Untracked 
|  33|0x0000000083d00000, 0x0000000083d00000, 0x0000000083e00000|  0%| F|  |TAMS 0x0000000083d00000| PB 0x0000000083d00000| Untracked 
|  34|0x0000000083e00000, 0x0000000083e00000, 0x0000000083f00000|  0%| F|  |TAMS 0x0000000083e00000| PB 0x0000000083e00000| Untracked 
|  35|0x0000000083f00000, 0x0000000083f00000, 0x0000000084000000|  0%| F|  |TAMS 0x0000000083f00000| PB 0x0000000083f00000| Untracked 
|  36|0x0000000084000000, 0x0000000084000000, 0x0000000084100000|  0%| F|  |TAMS 0x0000000084000000| PB 0x0000000084000000| Untracked 
|  37|0x0000000084100000, 0x0000000084100000, 0x0000000084200000|  0%| F|  |TAMS 0x0000000084100000| PB 0x0000000084100000| Untracked 
|  38|0x0000000084200000, 0x0000000084200000, 0x0000000084300000|  0%| F|  |TAMS 0x0000000084200000| PB 0x0000000084200000| Untracked 
|  39|0x0000000084300000, 0x0000000084300000, 0x0000000084400000|  0%| F|  |TAMS 0x0000000084300000| PB 0x0000000084300000| Untracked 
|  40|0x0000000084400000, 0x0000000084400000, 0x0000000084500000|  0%| F|  |TAMS 0x0000000084400000| PB 0x0000000084400000| Untracked 
|  41|0x0000000084500000, 0x0000000084500000, 0x0000000084600000|  0%| F|  |TAMS 0x0000000084500000| PB 0x0000000084500000| Untracked 
|  42|0x0000000084600000, 0x0000000084600000, 0x0000000084700000|  0%| F|  |TAMS 0x0000000084600000| PB 0x0000000084600000| Untracked 
|  43|0x0000000084700000, 0x0000000084700000, 0x0000000084800000|  0%| F|  |TAMS 0x0000000084700000| PB 0x0000000084700000| Untracked 
|  44|0x0000000084800000, 0x0000000084800000, 0x0000000084900000|  0%| F|  |TAMS 0x0000000084800000| PB 0x0000000084800000| Untracked 
|  45|0x0000000084900000, 0x0000000084900000, 0x0000000084a00000|  0%| F|  |TAMS 0x0000000084900000| PB 0x0000000084900000| Untracked 
|  46|0x0000000084a00000, 0x0000000084a00000, 0x0000000084b00000|  0%| F|  |TAMS 0x0000000084a00000| PB 0x0000000084a00000| Untracked 
|  47|0x0000000084b00000, 0x0000000084b00000, 0x0000000084c00000|  0%| F|  |TAMS 0x0000000084b00000| PB 0x0000000084b00000| Untracked 
|  48|0x0000000084c00000, 0x0000000084c00000, 0x0000000084d00000|  0%| F|  |TAMS 0x0000000084c00000| PB 0x0000000084c00000| Untracked 
|  49|0x0000000084d00000, 0x0000000084d00000, 0x0000000084e00000|  0%| F|  |TAMS 0x0000000084d00000| PB 0x0000000084d00000| Untracked 
|  50|0x0000000084e00000, 0x0000000084e00000, 0x0000000084f00000|  0%| F|  |TAMS 0x0000000084e00000| PB 0x0000000084e00000| Untracked 
|  51|0x0000000084f00000, 0x0000000084f00000, 0x0000000085000000|  0%| F|  |TAMS 0x0000000084f00000| PB 0x0000000084f00000| Untracked 
|  52|0x0000000085000000, 0x0000000085000000, 0x0000000085100000|  0%| F|  |TAMS 0x0000000085000000| PB 0x0000000085000000| Untracked 
|  53|0x0000000085100000, 0x0000000085100000, 0x0000000085200000|  0%| F|  |TAMS 0x0000000085100000| PB 0x0000000085100000| Untracked 
|  54|0x0000000085200000, 0x0000000085200000, 0x0000000085300000|  0%| F|  |TAMS 0x0000000085200000| PB 0x0000000085200000| Untracked 
|  55|0x0000000085300000, 0x0000000085300000, 0x0000000085400000|  0%| F|  |TAMS 0x0000000085300000| PB 0x0000000085300000| Untracked 
|  56|0x0000000085400000, 0x0000000085400000, 0x0000000085500000|  0%| F|  |TAMS 0x0000000085400000| PB 0x0000000085400000| Untracked 
|  57|0x0000000085500000, 0x0000000085500000, 0x0000000085600000|  0%| F|  |TAMS 0x0000000085500000| PB 0x0000000085500000| Untracked 
|  58|0x0000000085600000, 0x0000000085600000, 0x0000000085700000|  0%| F|  |TAMS 0x0000000085600000| PB 0x0000000085600000| Untracked 
|  59|0x0000000085700000, 0x0000000085700000, 0x0000000085800000|  0%| F|  |TAMS 0x0000000085700000| PB 0x0000000085700000| Untracked 
|  60|0x0000000085800000, 0x0000000085800000, 0x0000000085900000|  0%| F|  |TAMS 0x0000000085800000| PB 0x0000000085800000| Untracked 
|  61|0x0000000085900000, 0x0000000085900000, 0x0000000085a00000|  0%| F|  |TAMS 0x0000000085900000| PB 0x0000000085900000| Untracked 
|  62|0x0000000085a00000, 0x0000000085a00000, 0x0000000085b00000|  0%| F|  |TAMS 0x0000000085a00000| PB 0x0000000085a00000| Untracked 
|  63|0x0000000085b00000, 0x0000000085b00000, 0x0000000085c00000|  0%| F|  |TAMS 0x0000000085b00000| PB 0x0000000085b00000| Untracked 
|  64|0x0000000085c00000, 0x0000000085c00000, 0x0000000085d00000|  0%| F|  |TAMS 0x0000000085c00000| PB 0x0000000085c00000| Untracked 
|  65|0x0000000085d00000, 0x0000000085d00000, 0x0000000085e00000|  0%| F|  |TAMS 0x0000000085d00000| PB 0x0000000085d00000| Untracked 
|  66|0x0000000085e00000, 0x0000000085e00000, 0x0000000085f00000|  0%| F|  |TAMS 0x0000000085e00000| PB 0x0000000085e00000| Untracked 
|  67|0x0000000085f00000, 0x0000000085f00000, 0x0000000086000000|  0%| F|  |TAMS 0x0000000085f00000| PB 0x0000000085f00000| Untracked 
|  68|0x0000000086000000, 0x0000000086000000, 0x0000000086100000|  0%| F|  |TAMS 0x0000000086000000| PB 0x0000000086000000| Untracked 
|  69|0x0000000086100000, 0x0000000086100000, 0x0000000086200000|  0%| F|  |TAMS 0x0000000086100000| PB 0x0000000086100000| Untracked 
|  70|0x0000000086200000, 0x0000000086200000, 0x0000000086300000|  0%| F|  |TAMS 0x0000000086200000| PB 0x0000000086200000| Untracked 
|  71|0x0000000086300000, 0x0000000086300000, 0x0000000086400000|  0%| F|  |TAMS 0x0000000086300000| PB 0x0000000086300000| Untracked 
|  72|0x0000000086400000, 0x0000000086400000, 0x0000000086500000|  0%| F|  |TAMS 0x0000000086400000| PB 0x0000000086400000| Untracked 
|  73|0x0000000086500000, 0x0000000086500000, 0x0000000086600000|  0%| F|  |TAMS 0x0000000086500000| PB 0x0000000086500000| Untracked 
|  74|0x0000000086600000, 0x0000000086600000, 0x0000000086700000|  0%| F|  |TAMS 0x0000000086600000| PB 0x0000000086600000| Untracked 
|  75|0x0000000086700000, 0x0000000086700000, 0x0000000086800000|  0%| F|  |TAMS 0x0000000086700000| PB 0x0000000086700000| Untracked 
|  76|0x0000000086800000, 0x0000000086800000, 0x0000000086900000|  0%| F|  |TAMS 0x0000000086800000| PB 0x0000000086800000| Untracked 
|  77|0x0000000086900000, 0x0000000086900000, 0x0000000086a00000|  0%| F|  |TAMS 0x0000000086900000| PB 0x0000000086900000| Untracked 
|  78|0x0000000086a00000, 0x0000000086a00000, 0x0000000086b00000|  0%| F|  |TAMS 0x0000000086a00000| PB 0x0000000086a00000| Untracked 
|  79|0x0000000086b00000, 0x0000000086b00000, 0x0000000086c00000|  0%| F|  |TAMS 0x0000000086b00000| PB 0x0000000086b00000| Untracked 
|  80|0x0000000086c00000, 0x0000000086c00000, 0x0000000086d00000|  0%| F|  |TAMS 0x0000000086c00000| PB 0x0000000086c00000| Untracked 
|  81|0x0000000086d00000, 0x0000000086d00000, 0x0000000086e00000|  0%| F|  |TAMS 0x0000000086d00000| PB 0x0000000086d00000| Untracked 
|  82|0x0000000086e00000, 0x0000000086e00000, 0x0000000086f00000|  0%| F|  |TAMS 0x0000000086e00000| PB 0x0000000086e00000| Untracked 
|  83|0x0000000086f00000, 0x0000000086f00000, 0x0000000087000000|  0%| F|  |TAMS 0x0000000086f00000| PB 0x0000000086f00000| Untracked 
|  84|0x0000000087000000, 0x0000000087000000, 0x0000000087100000|  0%| F|  |TAMS 0x0000000087000000| PB 0x0000000087000000| Untracked 
|  85|0x0000000087100000, 0x0000000087100000, 0x0000000087200000|  0%| F|  |TAMS 0x0000000087100000| PB 0x0000000087100000| Untracked 
|  86|0x0000000087200000, 0x0000000087200000, 0x0000000087300000|  0%| F|  |TAMS 0x0000000087200000| PB 0x0000000087200000| Untracked 
|  87|0x0000000087300000, 0x0000000087300000, 0x0000000087400000|  0%| F|  |TAMS 0x0000000087300000| PB 0x0000000087300000| Untracked 
|  88|0x0000000087400000, 0x0000000087400000, 0x0000000087500000|  0%| F|  |TAMS 0x0000000087400000| PB 0x0000000087400000| Untracked 
|  89|0x0000000087500000, 0x0000000087500000, 0x0000000087600000|  0%| F|  |TAMS 0x0000000087500000| PB 0x0000000087500000| Untracked 
|  90|0x0000000087600000, 0x0000000087600000, 0x0000000087700000|  0%| F|  |TAMS 0x0000000087600000| PB 0x0000000087600000| Untracked 
|  91|0x0000000087700000, 0x0000000087700000, 0x0000000087800000|  0%| F|  |TAMS 0x0000000087700000| PB 0x0000000087700000| Untracked 
|  92|0x0000000087800000, 0x0000000087800000, 0x0000000087900000|  0%| F|  |TAMS 0x0000000087800000| PB 0x0000000087800000| Untracked 
|  93|0x0000000087900000, 0x0000000087900000, 0x0000000087a00000|  0%| F|  |TAMS 0x0000000087900000| PB 0x0000000087900000| Untracked 
|  94|0x0000000087a00000, 0x0000000087a00000, 0x0000000087b00000|  0%| F|  |TAMS 0x0000000087a00000| PB 0x0000000087a00000| Untracked 
|  95|0x0000000087b00000, 0x0000000087b00000, 0x0000000087c00000|  0%| F|  |TAMS 0x0000000087b00000| PB 0x0000000087b00000| Untracked 
|  96|0x0000000087c00000, 0x0000000087c00000, 0x0000000087d00000|  0%| F|  |TAMS 0x0000000087c00000| PB 0x0000000087c00000| Untracked 
|  97|0x0000000087d00000, 0x0000000087d00000, 0x0000000087e00000|  0%| F|  |TAMS 0x0000000087d00000| PB 0x0000000087d00000| Untracked 
|  98|0x0000000087e00000, 0x0000000087e00000, 0x0000000087f00000|  0%| F|  |TAMS 0x0000000087e00000| PB 0x0000000087e00000| Untracked 
|  99|0x0000000087f00000, 0x0000000087f00000, 0x0000000088000000|  0%| F|  |TAMS 0x0000000087f00000| PB 0x0000000087f00000| Untracked 
| 100|0x0000000088000000, 0x0000000088000000, 0x0000000088100000|  0%| F|  |TAMS 0x0000000088000000| PB 0x0000000088000000| Untracked 
| 101|0x0000000088100000, 0x0000000088100000, 0x0000000088200000|  0%| F|  |TAMS 0x0000000088100000| PB 0x0000000088100000| Untracked 
| 102|0x0000000088200000, 0x0000000088200000, 0x0000000088300000|  0%| F|  |TAMS 0x0000000088200000| PB 0x0000000088200000| Untracked 
| 103|0x0000000088300000, 0x0000000088300000, 0x0000000088400000|  0%| F|  |TAMS 0x0000000088300000| PB 0x0000000088300000| Untracked 
| 104|0x0000000088400000, 0x0000000088400000, 0x0000000088500000|  0%| F|  |TAMS 0x0000000088400000| PB 0x0000000088400000| Untracked 
| 105|0x0000000088500000, 0x0000000088500000, 0x0000000088600000|  0%| F|  |TAMS 0x0000000088500000| PB 0x0000000088500000| Untracked 
| 106|0x0000000088600000, 0x0000000088600000, 0x0000000088700000|  0%| F|  |TAMS 0x0000000088600000| PB 0x0000000088600000| Untracked 
| 107|0x0000000088700000, 0x0000000088700000, 0x0000000088800000|  0%| F|  |TAMS 0x0000000088700000| PB 0x0000000088700000| Untracked 
| 108|0x0000000088800000, 0x0000000088800000, 0x0000000088900000|  0%| F|  |TAMS 0x0000000088800000| PB 0x0000000088800000| Untracked 
| 109|0x0000000088900000, 0x0000000088900000, 0x0000000088a00000|  0%| F|  |TAMS 0x0000000088900000| PB 0x0000000088900000| Untracked 
| 110|0x0000000088a00000, 0x0000000088a00000, 0x0000000088b00000|  0%| F|  |TAMS 0x0000000088a00000| PB 0x0000000088a00000| Untracked 
| 111|0x0000000088b00000, 0x0000000088b00000, 0x0000000088c00000|  0%| F|  |TAMS 0x0000000088b00000| PB 0x0000000088b00000| Untracked 
| 112|0x0000000088c00000, 0x0000000088c00000, 0x0000000088d00000|  0%| F|  |TAMS 0x0000000088c00000| PB 0x0000000088c00000| Untracked 
| 113|0x0000000088d00000, 0x0000000088e00000, 0x0000000088e00000|100%| S|CS|TAMS 0x0000000088d00000| PB 0x0000000088d00000| Complete 
| 114|0x0000000088e00000, 0x0000000088f00000, 0x0000000088f00000|100%| S|CS|TAMS 0x0000000088e00000| PB 0x0000000088e00000| Complete 
| 115|0x0000000088f00000, 0x0000000088f00000, 0x0000000089000000|  0%| F|  |TAMS 0x0000000088f00000| PB 0x0000000088f00000| Untracked 
| 116|0x0000000089000000, 0x0000000089000000, 0x0000000089100000|  0%| F|  |TAMS 0x0000000089000000| PB 0x0000000089000000| Untracked 
| 117|0x0000000089100000, 0x0000000089100000, 0x0000000089200000|  0%| F|  |TAMS 0x0000000089100000| PB 0x0000000089100000| Untracked 
| 118|0x0000000089200000, 0x0000000089200000, 0x0000000089300000|  0%| F|  |TAMS 0x0000000089200000| PB 0x0000000089200000| Untracked 
| 119|0x0000000089300000, 0x0000000089300000, 0x0000000089400000|  0%| F|  |TAMS 0x0000000089300000| PB 0x0000000089300000| Untracked 
| 120|0x0000000089400000, 0x00000000894e48d0, 0x0000000089500000| 89%| E|  |TAMS 0x0000000089400000| PB 0x0000000089400000| Complete 
| 121|0x0000000089500000, 0x0000000089600000, 0x0000000089600000|100%| E|CS|TAMS 0x0000000089500000| PB 0x0000000089500000| Complete 
| 122|0x0000000089600000, 0x0000000089700000, 0x0000000089700000|100%| E|CS|TAMS 0x0000000089600000| PB 0x0000000089600000| Complete 
| 123|0x0000000089700000, 0x0000000089800000, 0x0000000089800000|100%| E|CS|TAMS 0x0000000089700000| PB 0x0000000089700000| Complete 
| 124|0x0000000089800000, 0x0000000089900000, 0x0000000089900000|100%| E|CS|TAMS 0x0000000089800000| PB 0x0000000089800000| Complete 
| 125|0x0000000089900000, 0x0000000089a00000, 0x0000000089a00000|100%| E|CS|TAMS 0x0000000089900000| PB 0x0000000089900000| Complete 
| 126|0x0000000089a00000, 0x0000000089b00000, 0x0000000089b00000|100%| E|CS|TAMS 0x0000000089a00000| PB 0x0000000089a00000| Complete 
| 127|0x0000000089b00000, 0x0000000089bffcc0, 0x0000000089c00000| 99%| E|  |TAMS 0x0000000089b00000| PB 0x0000000089b00000| Complete 

Card table byte_map: [0x000001dc259a0000,0x000001dc25da0000] _byte_map_base: 0x000001dc25592000

Marking Bits: (CMBitMap*) 0x000001dc12c5a040
 Bits: [0x000001dc25da0000, 0x000001dc27d30000)

Polling page: 0x000001dc10be0000

Metaspace:

Usage:
  Non-class:      5.74 MB used.
      Class:    716.41 KB used.
       Both:      6.44 MB used.

Virtual space:
  Non-class space:       64.00 MB reserved,       5.88 MB (  9%) committed,  1 nodes.
      Class space:        1.00 GB reserved,     832.00 KB ( <1%) committed,  1 nodes.
             Both:        1.06 GB reserved,       6.69 MB ( <1%) committed. 

Chunk freelists:
   Non-Class:  10.17 MB
       Class:  15.22 MB
        Both:  25.40 MB

MaxMetaspaceSize: unlimited
CompressedClassSpaceSize: 1.00 GB
Initial GC threshold: 21.00 MB
Current GC threshold: 21.00 MB
CDS: on
 - commit_granule_bytes: 65536.
 - commit_granule_words: 8192.
 - virtual_space_node_default_size: 8388608.
 - enlarge_chunks_in_place: 1.
 - use_allocation_guard: 0.


Internal statistics:

num_allocs_failed_limit: 0.
num_arena_births: 166.
num_arena_deaths: 0.
num_vsnodes_births: 2.
num_vsnodes_deaths: 0.
num_space_committed: 107.
num_space_uncommitted: 0.
num_chunks_returned_to_freelist: 0.
num_chunks_taken_from_freelist: 267.
num_chunk_merges: 0.
num_chunk_splits: 159.
num_chunks_enlarged: 84.
num_inconsistent_stats: 0.

CodeHeap 'non-profiled nmethods': size=120000Kb used=432Kb max_used=432Kb free=119567Kb
 bounds [0x000001dc1e070000, 0x000001dc1e2e0000, 0x000001dc255a0000]
CodeHeap 'profiled nmethods': size=120000Kb used=2059Kb max_used=2059Kb free=117940Kb
 bounds [0x000001dc165a0000, 0x000001dc16810000, 0x000001dc1dad0000]
CodeHeap 'non-nmethods': size=5760Kb used=1380Kb max_used=1407Kb free=4379Kb
 bounds [0x000001dc1dad0000, 0x000001dc1dd40000, 0x000001dc1e070000]
 total_blobs=1771 nmethods=1289 adapters=387
 compilation: enabled
              stopped_count=0, restarted_count=0
 full_count=0

Compilation events (20 events):
Event: 1.783 Thread 0x000001dc2a227a40 1246       3       sun.security.x509.Extension::<init> (75 bytes)
Event: 1.784 Thread 0x000001dc2a227a40 nmethod 1246 0x000001dc16791a90 code [0x000001dc16791cc0, 0x000001dc167921f0]
Event: 1.784 Thread 0x000001dc2a227a40 1247   !   3       sun.security.x509.CertificateExtensions::parseExtension (281 bytes)
Event: 1.786 Thread 0x000001dc2a227a40 nmethod 1247 0x000001dc16792490 code [0x000001dc16792880, 0x000001dc16794700]
Event: 1.786 Thread 0x000001dc2a210030 1253       4       java.lang.StringLatin1::toLowerCase (186 bytes)
Event: 1.786 Thread 0x000001dc2a227a40 1248       3       sun.security.x509.OIDMap::getClass (26 bytes)
Event: 1.787 Thread 0x000001dc2a227a40 nmethod 1248 0x000001dc16795610 code [0x000001dc167957e0, 0x000001dc16795bc8]
Event: 1.787 Thread 0x000001dc2a227a40 1250       3       java.lang.invoke.LambdaForm$MH/0x000001dc2c014400::invoke (25 bytes)
Event: 1.787 Thread 0x000001dc2a227a40 nmethod 1250 0x000001dc16795d10 code [0x000001dc16795ee0, 0x000001dc16796388]
Event: 1.787 Thread 0x000001dc2a227a40 1251       3       java.lang.invoke.DirectMethodHandle$Holder::invokeSpecial (15 bytes)
Event: 1.787 Thread 0x000001dc2a227a40 nmethod 1251 0x000001dc16796490 code [0x000001dc16796660, 0x000001dc16796ac0]
Event: 1.787 Thread 0x000001dc2a227a40 1252       3       sun.security.x509.Extension::<init> (20 bytes)
Event: 1.787 Thread 0x000001dc2a227a40 nmethod 1252 0x000001dc16796c10 code [0x000001dc16796dc0, 0x000001dc16796f80]
Event: 1.790 Thread 0x000001dc2aa25370 nmethod 1249% 0x000001dc1e0d8a10 code [0x000001dc1e0d8bc0, 0x000001dc1e0d8ef0]
Event: 1.794 Thread 0x000001dc2a227a40 1254       1       java.lang.reflect.Constructor::getModifiers (5 bytes)
Event: 1.794 Thread 0x000001dc2a227a40 nmethod 1254 0x000001dc1e0d9190 code [0x000001dc1e0d9320, 0x000001dc1e0d93e8]
Event: 1.794 Thread 0x000001dc2a227a40 1255       1       java.lang.invoke.MethodHandleNatives::isPullModeBSM (2 bytes)
Event: 1.794 Thread 0x000001dc2a227a40 nmethod 1255 0x000001dc1e0d9490 code [0x000001dc1e0d9620, 0x000001dc1e0d96c8]
Event: 1.796 Thread 0x000001dc2a227a40 1256       3       java.lang.invoke.ConstantCallSite::getTarget (20 bytes)
Event: 1.796 Thread 0x000001dc2a227a40 nmethod 1256 0x000001dc16797010 code [0x000001dc167971c0, 0x000001dc167973e0]

GC Heap History (2 events):
Event: 1.657 GC heap before
{Heap before GC invocations=0 (full 0):
 garbage-first heap   total 131072K, used 13312K [0x0000000081c00000, 0x0000000100000000)
  region size 1024K, 13 young (13312K), 0 survivors (0K)
 Metaspace       used 5505K, committed 5696K, reserved 1114112K
  class space    used 611K, committed 704K, reserved 1048576K
}
Event: 1.666 GC heap after
{Heap after GC invocations=1 (full 0):
 garbage-first heap   total 131072K, used 5567K [0x0000000081c00000, 0x0000000100000000)
  region size 1024K, 2 young (2048K), 2 survivors (2048K)
 Metaspace       used 5505K, committed 5696K, reserved 1114112K
  class space    used 611K, committed 704K, reserved 1048576K
}

Dll operation events (10 events):
Event: 0.114 Loaded shared library C:\eclipse\plugins\org.eclipse.justj.openjdk.hotspot.jre.full.win32.x86_64_21.0.6.v20250130-0529\jre\bin\java.dll
Event: 0.428 Loaded shared library C:\eclipse\plugins\org.eclipse.justj.openjdk.hotspot.jre.full.win32.x86_64_21.0.6.v20250130-0529\jre\bin\zip.dll
Event: 0.555 Loaded shared library C:\eclipse\plugins\org.eclipse.justj.openjdk.hotspot.jre.full.win32.x86_64_21.0.6.v20250130-0529\jre\bin\net.dll
Event: 0.560 Loaded shared library C:\eclipse\plugins\org.eclipse.justj.openjdk.hotspot.jre.full.win32.x86_64_21.0.6.v20250130-0529\jre\bin\nio.dll
Event: 0.566 Loaded shared library C:\eclipse\plugins\org.eclipse.justj.openjdk.hotspot.jre.full.win32.x86_64_21.0.6.v20250130-0529\jre\bin\zip.dll
Event: 0.947 Loaded shared library C:\eclipse\plugins\org.eclipse.justj.openjdk.hotspot.jre.full.win32.x86_64_21.0.6.v20250130-0529\jre\bin\jimage.dll
Event: 1.004 Loaded shared library C:\eclipse\plugins\org.eclipse.justj.openjdk.hotspot.jre.full.win32.x86_64_21.0.6.v20250130-0529\jre\bin\extnet.dll
Event: 1.082 Loaded shared library C:\eclipse\plugins\org.eclipse.justj.openjdk.hotspot.jre.full.win32.x86_64_21.0.6.v20250130-0529\jre\bin\management.dll
Event: 1.090 Loaded shared library C:\eclipse\plugins\org.eclipse.justj.openjdk.hotspot.jre.full.win32.x86_64_21.0.6.v20250130-0529\jre\bin\management_ext.dll
Event: 1.471 Loaded shared library C:\eclipse\plugins\org.eclipse.justj.openjdk.hotspot.jre.full.win32.x86_64_21.0.6.v20250130-0529\jre\bin\sunmscapi.dll

Deoptimization events (20 events):
Event: 1.127 Thread 0x000001dc10997c50 DEOPT PACKING pc=0x000001dc1e081f10 sp=0x0000008ce8bfd2f0
Event: 1.127 Thread 0x000001dc10997c50 DEOPT UNPACKING pc=0x000001dc1db246a2 sp=0x0000008ce8bfd278 mode 2
Event: 1.510 Thread 0x000001dc10997c50 Uncommon trap: trap_request=0xffffffde fr.pc=0x000001dc1e09b064 relative=0x0000000000000304
Event: 1.510 Thread 0x000001dc10997c50 Uncommon trap: reason=class_check action=maybe_recompile pc=0x000001dc1e09b064 method=java.util.regex.Pattern$BmpCharPropertyGreedy.match(Ljava/util/regex/Matcher;ILjava/lang/CharSequence;)Z @ 26 c2
Event: 1.510 Thread 0x000001dc10997c50 DEOPT PACKING pc=0x000001dc1e09b064 sp=0x0000008ce8bfbf30
Event: 1.510 Thread 0x000001dc10997c50 DEOPT UNPACKING pc=0x000001dc1db246a2 sp=0x0000008ce8bfbee8 mode 2
Event: 1.514 Thread 0x000001dc10997c50 Uncommon trap: trap_request=0xffffff45 fr.pc=0x000001dc1e09c210 relative=0x0000000000000750
Event: 1.514 Thread 0x000001dc10997c50 Uncommon trap: reason=unstable_if action=reinterpret pc=0x000001dc1e09c210 method=java.util.regex.Matcher.search(I)Z @ 30 c2
Event: 1.514 Thread 0x000001dc10997c50 DEOPT PACKING pc=0x000001dc1e09c210 sp=0x0000008ce8bfc940
Event: 1.514 Thread 0x000001dc10997c50 DEOPT UNPACKING pc=0x000001dc1db246a2 sp=0x0000008ce8bfc920 mode 2
Event: 1.684 Thread 0x000001dc10997c50 Uncommon trap: trap_request=0xffffff45 fr.pc=0x000001dc1e078730 relative=0x0000000000000190
Event: 1.684 Thread 0x000001dc10997c50 Uncommon trap: reason=unstable_if action=reinterpret pc=0x000001dc1e078730 method=jdk.internal.util.ArraysSupport.vectorizedHashCode(Ljava/lang/Object;IIII)I @ 2 c2
Event: 1.684 Thread 0x000001dc10997c50 DEOPT PACKING pc=0x000001dc1e078730 sp=0x0000008ce8bfc250
Event: 1.684 Thread 0x000001dc10997c50 DEOPT UNPACKING pc=0x000001dc1db246a2 sp=0x0000008ce8bfc200 mode 2
Event: 1.721 Thread 0x000001dc10997c50 DEOPT PACKING pc=0x000001dc1674c18b sp=0x0000008ce8bfcfd0
Event: 1.721 Thread 0x000001dc10997c50 DEOPT UNPACKING pc=0x000001dc1db24e42 sp=0x0000008ce8bfc448 mode 0
Event: 1.724 Thread 0x000001dc10997c50 DEOPT PACKING pc=0x000001dc1674c18b sp=0x0000008ce8bfcfe0
Event: 1.724 Thread 0x000001dc10997c50 DEOPT UNPACKING pc=0x000001dc1db24e42 sp=0x0000008ce8bfc458 mode 0
Event: 1.727 Thread 0x000001dc10997c50 DEOPT PACKING pc=0x000001dc1674c18b sp=0x0000008ce8bfcfd0
Event: 1.727 Thread 0x000001dc10997c50 DEOPT UNPACKING pc=0x000001dc1db24e42 sp=0x0000008ce8bfc448 mode 0

Classes loaded (20 events):
Event: 1.789 Loading class sun/security/ssl/SunX509KeyManagerImpl done
Event: 1.789 Loading class java/security/SecureRandom
Event: 1.790 Loading class java/security/SecureRandom done
Event: 1.790 Loading class java/util/AbstractList$Itr
Event: 1.790 Loading class java/util/AbstractList$Itr done
Event: 1.790 Loading class sun/security/provider/DRBG
Event: 1.793 Loading class java/security/SecureRandomSpi
Event: 1.793 Loading class java/security/SecureRandomSpi done
Event: 1.793 Loading class sun/security/provider/DRBG done
Event: 1.796 Loading class java/security/DrbgParameters$Capability
Event: 1.796 Loading class java/security/DrbgParameters$Capability done
Event: 1.796 Loading class sun/security/provider/MoreDrbgParameters
Event: 1.796 Loading class sun/security/provider/MoreDrbgParameters done
Event: 1.796 Loading class java/security/DrbgParameters
Event: 1.796 Loading class java/security/DrbgParameters done
Event: 1.796 Loading class java/security/DrbgParameters$Instantiation
Event: 1.796 Loading class java/security/DrbgParameters$Instantiation done
Event: 1.796 Loading class sun/security/provider/HashDrbg
Event: 1.797 Loading class sun/security/provider/AbstractHashDrbg
Event: 1.797 Loading class sun/security/provider/AbstractDrbg

Classes unloaded (0 events):
No events

Classes redefined (0 events):
No events

Internal exceptions (20 events):
Event: 1.299 Thread 0x000001dc10997c50 Exception <a 'java/lang/NoSuchMethodError'{0x00000000893c0900}: 'int java.lang.invoke.DirectMethodHandle$Holder.invokeStaticInit(java.lang.Object, java.lang.Object, java.lang.Object)'> (0x00000000893c0900) 
thrown [s\src\hotspot\share\interpreter\linkResolver.cpp, line 773]
Event: 1.312 Thread 0x000001dc10997c50 Exception <a 'java/lang/NoSuchMethodError'{0x00000000893d3018}: 'int java.lang.invoke.DirectMethodHandle$Holder.invokeSpecialIFC(java.lang.Object, java.lang.Object, java.lang.Object)'> (0x00000000893d3018) 
thrown [s\src\hotspot\share\interpreter\linkResolver.cpp, line 773]
Event: 1.336 Thread 0x000001dc10997c50 Exception <a 'java/lang/NoSuchMethodError'{0x0000000089205d50}: 'java.lang.Object java.lang.invoke.DirectMethodHandle$Holder.invokeStaticInit(java.lang.Object, java.lang.Object, java.lang.Object, java.lang.Object, java.lang.Object, java.lang.Object, java.lang.Object)'> (0x0000000089205d50) 
thrown [s\src\hotspot\share\interpreter\linkResolver.cpp, line 773]
Event: 1.338 Thread 0x000001dc10997c50 Exception <a 'java/lang/NoSuchMethodError'{0x000000008920f270}: 'java.lang.Object java.lang.invoke.Invokers$Holder.invoke_MT(java.lang.Object, java.lang.Object, java.lang.Object, java.lang.Object, java.lang.Object, java.lang.Object, java.lang.Object, java.lang.Object, java.lang.Object, java.lang.Object)'> (0x000000008920f270) 
thrown [s\src\hotspot\share\interpreter\linkResolver.cpp, line 773]
Event: 1.342 Thread 0x000001dc10997c50 Exception <a 'java/lang/NoSuchMethodError'{0x0000000089223680}: 'void java.lang.invoke.DelegatingMethodHandle$Holder.delegate(java.lang.Object, java.lang.Object, int, java.lang.Object)'> (0x0000000089223680) 
thrown [s\src\hotspot\share\interpreter\linkResolver.cpp, line 773]
Event: 1.351 Thread 0x000001dc10997c50 Exception <a 'java/lang/NoSuchMethodError'{0x0000000089244608}: 'int java.lang.invoke.DirectMethodHandle$Holder.invokeVirtual(java.lang.Object, java.lang.Object, java.lang.Object)'> (0x0000000089244608) 
thrown [s\src\hotspot\share\interpreter\linkResolver.cpp, line 773]
Event: 1.352 Thread 0x000001dc10997c50 Exception <a 'java/lang/NoSuchMethodError'{0x0000000089247cc8}: 'int java.lang.invoke.DirectMethodHandle$Holder.invokeVirtual(java.lang.Object, java.lang.Object)'> (0x0000000089247cc8) 
thrown [s\src\hotspot\share\interpreter\linkResolver.cpp, line 773]
Event: 1.353 Thread 0x000001dc10997c50 Exception <a 'java/lang/NoSuchMethodError'{0x000000008924bfe0}: 'int java.lang.invoke.DirectMethodHandle$Holder.invokeStaticInit(java.lang.Object, int, int)'> (0x000000008924bfe0) 
thrown [s\src\hotspot\share\interpreter\linkResolver.cpp, line 773]
Event: 1.354 Thread 0x000001dc10997c50 Exception <a 'java/lang/NoSuchMethodError'{0x00000000892534d8}: 'int java.lang.invoke.DirectMethodHandle$Holder.invokeStaticInit(java.lang.Object, long, long)'> (0x00000000892534d8) 
thrown [s\src\hotspot\share\interpreter\linkResolver.cpp, line 773]
Event: 1.355 Thread 0x000001dc10997c50 Exception <a 'java/lang/NoSuchMethodError'{0x0000000089259f70}: 'int java.lang.invoke.DirectMethodHandle$Holder.invokeStaticInit(java.lang.Object, float, float)'> (0x0000000089259f70) 
thrown [s\src\hotspot\share\interpreter\linkResolver.cpp, line 773]
Event: 1.356 Thread 0x000001dc10997c50 Exception <a 'java/lang/NoSuchMethodError'{0x0000000089260a00}: 'int java.lang.invoke.DirectMethodHandle$Holder.invokeStaticInit(java.lang.Object, double, double)'> (0x0000000089260a00) 
thrown [s\src\hotspot\share\interpreter\linkResolver.cpp, line 773]
Event: 1.357 Thread 0x000001dc10997c50 Exception <a 'java/lang/NoSuchMethodError'{0x0000000089264fa0}: 'int java.lang.invoke.DirectMethodHandle$Holder.invokeStatic(java.lang.Object, long)'> (0x0000000089264fa0) 
thrown [s\src\hotspot\share\interpreter\linkResolver.cpp, line 773]
Event: 1.364 Thread 0x000001dc10997c50 Exception <a 'java/lang/NoSuchMethodError'{0x000000008928de18}: 'java.lang.Object java.lang.invoke.DirectMethodHandle$Holder.invokeSpecial(java.lang.Object, java.lang.Object, int, java.lang.Object, java.lang.Object)'> (0x000000008928de18) 
thrown [s\src\hotspot\share\interpreter\linkResolver.cpp, line 773]
Event: 1.365 Thread 0x000001dc10997c50 Exception <a 'java/lang/NoSuchMethodError'{0x00000000892917a8}: 'java.lang.Object java.lang.invoke.DelegatingMethodHandle$Holder.delegate(java.lang.Object, int, java.lang.Object, java.lang.Object)'> (0x00000000892917a8) 
thrown [s\src\hotspot\share\interpreter\linkResolver.cpp, line 773]
Event: 1.369 Thread 0x000001dc10997c50 Exception <a 'java/lang/NoSuchMethodError'{0x00000000892a0cb8}: 'int java.lang.invoke.Invokers$Holder.linkToTargetMethod(java.lang.Object, java.lang.Object, java.lang.Object)'> (0x00000000892a0cb8) 
thrown [s\src\hotspot\share\interpreter\linkResolver.cpp, line 773]
Event: 1.376 Thread 0x000001dc10997c50 Exception <a 'java/lang/NoSuchMethodError'{0x00000000892d2d40}: 'long java.lang.invoke.DirectMethodHandle$Holder.invokeSpecial(java.lang.Object, java.lang.Object)'> (0x00000000892d2d40) 
thrown [s\src\hotspot\share\interpreter\linkResolver.cpp, line 773]
Event: 1.378 Thread 0x000001dc10997c50 Exception <a 'java/lang/NoSuchMethodError'{0x00000000892d98c0}: 'int java.lang.invoke.DirectMethodHandle$Holder.invokeStatic(java.lang.Object, java.lang.Object, java.lang.Object, java.lang.Object)'> (0x00000000892d98c0) 
thrown [s\src\hotspot\share\interpreter\linkResolver.cpp, line 773]
Event: 1.378 Thread 0x000001dc10997c50 Exception <a 'java/lang/NoSuchMethodError'{0x00000000892dcf90}: 'java.lang.Object java.lang.invoke.Invokers$Holder.invokeExact_MT(java.lang.Object, java.lang.Object, java.lang.Object, java.lang.Object, java.lang.Object, java.lang.Object)'> (0x00000000892dcf90) 
thrown [s\src\hotspot\share\interpreter\linkResolver.cpp, line 773]
Event: 1.533 Thread 0x000001dc10997c50 Exception <a 'sun/nio/fs/WindowsException'{0x00000000890ba398}> (0x00000000890ba398) 
thrown [s\src\hotspot\share\prims\jni.cpp, line 520]
Event: 1.680 Thread 0x000001dc10997c50 Exception <a 'java/lang/NoSuchMethodError'{0x0000000089b6b5a8}: 'void java.lang.invoke.DirectMethodHandle$Holder.invokeVirtual(java.lang.Object, java.lang.Object)'> (0x0000000089b6b5a8) 
thrown [s\src\hotspot\share\interpreter\linkResolver.cpp, line 773]

ZGC Phase Switch (0 events):
No events

VM Operations (20 events):
Event: 0.843 Executing VM operation: HandshakeAllThreads (Deoptimize)
Event: 0.843 Executing VM operation: HandshakeAllThreads (Deoptimize) done
Event: 0.999 Executing VM operation: HandshakeAllThreads (Deoptimize)
Event: 0.999 Executing VM operation: HandshakeAllThreads (Deoptimize) done
Event: 1.031 Executing VM operation: HandshakeAllThreads (Deoptimize)
Event: 1.031 Executing VM operation: HandshakeAllThreads (Deoptimize) done
Event: 1.127 Executing VM operation: HandshakeAllThreads (Deoptimize)
Event: 1.127 Executing VM operation: HandshakeAllThreads (Deoptimize) done
Event: 1.137 Executing VM operation: HandshakeAllThreads (Deoptimize)
Event: 1.137 Executing VM operation: HandshakeAllThreads (Deoptimize) done
Event: 1.340 Executing VM operation: HandshakeAllThreads (Deoptimize)
Event: 1.340 Executing VM operation: HandshakeAllThreads (Deoptimize) done
Event: 1.402 Executing VM operation: HandshakeAllThreads (Deoptimize)
Event: 1.402 Executing VM operation: HandshakeAllThreads (Deoptimize) done
Event: 1.402 Executing VM operation: Cleanup
Event: 1.403 Executing VM operation: Cleanup done
Event: 1.482 Executing VM operation: HandshakeAllThreads (Deoptimize)
Event: 1.482 Executing VM operation: HandshakeAllThreads (Deoptimize) done
Event: 1.657 Executing VM operation: G1CollectForAllocation (G1 Evacuation Pause)
Event: 1.666 Executing VM operation: G1CollectForAllocation (G1 Evacuation Pause) done

Memory protections (0 events):
No events

Nmethod flushes (0 events):
No events

Events (13 events):
Event: 0.374 Thread 0x000001dc10997c50 Thread added: 0x000001dc10997c50
Event: 0.432 Thread 0x000001dc10997c50 Thread added: 0x000001dc2a207100
Event: 0.432 Thread 0x000001dc10997c50 Thread added: 0x000001dc2a208d10
Event: 0.434 Thread 0x000001dc10997c50 Thread added: 0x000001dc2a20b3b0
Event: 0.434 Thread 0x000001dc10997c50 Thread added: 0x000001dc2a20be00
Event: 0.434 Thread 0x000001dc10997c50 Thread added: 0x000001dc2a20c850
Event: 0.434 Thread 0x000001dc10997c50 Thread added: 0x000001dc2a20d2a0
Event: 0.435 Thread 0x000001dc10997c50 Thread added: 0x000001dc2a210030
Event: 0.436 Thread 0x000001dc10997c50 Thread added: 0x000001dc2a227a40
Event: 0.527 Thread 0x000001dc10997c50 Thread added: 0x000001dc2a35c800
Event: 0.533 Thread 0x000001dc10997c50 Thread added: 0x000001dc2a367800
Event: 1.189 Thread 0x000001dc10997c50 Thread added: 0x000001dc2a7d25a0
Event: 1.768 Thread 0x000001dc2a227a40 Thread added: 0x000001dc2aa25370


Dynamic libraries:
0x00007ff768910000 - 0x00007ff76891e000 	C:\eclipse\plugins\org.eclipse.justj.openjdk.hotspot.jre.full.win32.x86_64_21.0.6.v20250130-0529\jre\bin\javaw.exe
0x00007ff9fd370000 - 0x00007ff9fd568000 	C:\WINDOWS\SYSTEM32\ntdll.dll
0x00007ff9fcd20000 - 0x00007ff9fcde2000 	C:\WINDOWS\System32\KERNEL32.DLL
0x00007ff9faa10000 - 0x00007ff9fad06000 	C:\WINDOWS\System32\KERNELBASE.dll
0x00007ff9fad10000 - 0x00007ff9fae10000 	C:\WINDOWS\System32\ucrtbase.dll
0x00007ff9f5530000 - 0x00007ff9f5548000 	C:\eclipse\plugins\org.eclipse.justj.openjdk.hotspot.jre.full.win32.x86_64_21.0.6.v20250130-0529\jre\bin\jli.dll
0x00007ff9fbf50000 - 0x00007ff9fc0ed000 	C:\WINDOWS\System32\USER32.dll
0x00007ff9fb340000 - 0x00007ff9fb362000 	C:\WINDOWS\System32\win32u.dll
0x00007ff9fcf80000 - 0x00007ff9fcfab000 	C:\WINDOWS\System32\GDI32.dll
0x00007ff9faea0000 - 0x00007ff9fafb9000 	C:\WINDOWS\System32\gdi32full.dll
0x00007ff9fafc0000 - 0x00007ff9fb05d000 	C:\WINDOWS\System32\msvcp_win.dll
0x00007ff9f5180000 - 0x00007ff9f519e000 	C:\eclipse\plugins\org.eclipse.justj.openjdk.hotspot.jre.full.win32.x86_64_21.0.6.v20250130-0529\jre\bin\VCRUNTIME140.dll
0x00007ff9e8b10000 - 0x00007ff9e8dab000 	C:\WINDOWS\WinSxS\amd64_microsoft.windows.common-controls_6595b64144ccf1df_6.0.19041.6280_none_60bc30a171f2f3f3\COMCTL32.dll
0x00007ff9fbb40000 - 0x00007ff9fbbde000 	C:\WINDOWS\System32\msvcrt.dll
0x00007ff9fcfb0000 - 0x00007ff9fcfdf000 	C:\WINDOWS\System32\IMM32.DLL
0x00007ff9f6360000 - 0x00007ff9f636c000 	C:\eclipse\plugins\org.eclipse.justj.openjdk.hotspot.jre.full.win32.x86_64_21.0.6.v20250130-0529\jre\bin\vcruntime140_1.dll
0x00007ff9d6700000 - 0x00007ff9d678d000 	C:\eclipse\plugins\org.eclipse.justj.openjdk.hotspot.jre.full.win32.x86_64_21.0.6.v20250130-0529\jre\bin\msvcp140.dll
0x00007ff9b7930000 - 0x00007ff9b86c0000 	C:\eclipse\plugins\org.eclipse.justj.openjdk.hotspot.jre.full.win32.x86_64_21.0.6.v20250130-0529\jre\bin\server\jvm.dll
0x00007ff9fd270000 - 0x00007ff9fd321000 	C:\WINDOWS\System32\ADVAPI32.dll
0x00007ff9fc200000 - 0x00007ff9fc29f000 	C:\WINDOWS\System32\sechost.dll
0x00007ff9fc310000 - 0x00007ff9fc430000 	C:\WINDOWS\System32\RPCRT4.dll
0x00007ff9fb370000 - 0x00007ff9fb397000 	C:\WINDOWS\System32\bcrypt.dll
0x00007ff9fc2a0000 - 0x00007ff9fc30b000 	C:\WINDOWS\System32\WS2_32.dll
0x00007ff9f9fa0000 - 0x00007ff9f9feb000 	C:\WINDOWS\SYSTEM32\POWRPROF.dll
0x00007ff9e8e70000 - 0x00007ff9e8e7a000 	C:\WINDOWS\SYSTEM32\VERSION.dll
0x00007ff9ea0e0000 - 0x00007ff9ea107000 	C:\WINDOWS\SYSTEM32\WINMM.dll
0x00007ff9f9e10000 - 0x00007ff9f9e22000 	C:\WINDOWS\SYSTEM32\UMPDC.dll
0x00007ff9f9230000 - 0x00007ff9f9242000 	C:\WINDOWS\SYSTEM32\kernel.appcore.dll
0x00007ff9f5b20000 - 0x00007ff9f5b2a000 	C:\eclipse\plugins\org.eclipse.justj.openjdk.hotspot.jre.full.win32.x86_64_21.0.6.v20250130-0529\jre\bin\jimage.dll
0x00007ff9f8050000 - 0x00007ff9f8251000 	C:\WINDOWS\SYSTEM32\DBGHELP.DLL
0x00007ff9e1280000 - 0x00007ff9e12b4000 	C:\WINDOWS\SYSTEM32\dbgcore.DLL
0x00007ff9fae10000 - 0x00007ff9fae92000 	C:\WINDOWS\System32\bcryptPrimitives.dll
0x00007ff9f5160000 - 0x00007ff9f517f000 	C:\eclipse\plugins\org.eclipse.justj.openjdk.hotspot.jre.full.win32.x86_64_21.0.6.v20250130-0529\jre\bin\java.dll
0x00007ff9fc4b0000 - 0x00007ff9fcc20000 	C:\WINDOWS\System32\SHELL32.dll
0x00007ff9f89a0000 - 0x00007ff9f9145000 	C:\WINDOWS\SYSTEM32\windows.storage.dll
0x00007ff9fbbe0000 - 0x00007ff9fbf33000 	C:\WINDOWS\System32\combase.dll
0x00007ff9fa440000 - 0x00007ff9fa46b000 	C:\WINDOWS\SYSTEM32\Wldp.dll
0x00007ff9fceb0000 - 0x00007ff9fcf7d000 	C:\WINDOWS\System32\OLEAUT32.dll
0x00007ff9fcdf0000 - 0x00007ff9fce9d000 	C:\WINDOWS\System32\SHCORE.dll
0x00007ff9fc0f0000 - 0x00007ff9fc14b000 	C:\WINDOWS\System32\shlwapi.dll
0x00007ff9fa940000 - 0x00007ff9fa964000 	C:\WINDOWS\SYSTEM32\profapi.dll
0x00007ff9f2e90000 - 0x00007ff9f2ea8000 	C:\eclipse\plugins\org.eclipse.justj.openjdk.hotspot.jre.full.win32.x86_64_21.0.6.v20250130-0529\jre\bin\zip.dll
0x00007ff9f5a40000 - 0x00007ff9f5a50000 	C:\eclipse\plugins\org.eclipse.justj.openjdk.hotspot.jre.full.win32.x86_64_21.0.6.v20250130-0529\jre\bin\net.dll
0x00007ff9f10c0000 - 0x00007ff9f11ca000 	C:\WINDOWS\SYSTEM32\WINHTTP.dll
0x00007ff9fa1a0000 - 0x00007ff9fa20a000 	C:\WINDOWS\system32\mswsock.dll
0x00007ff9f2d80000 - 0x00007ff9f2d96000 	C:\eclipse\plugins\org.eclipse.justj.openjdk.hotspot.jre.full.win32.x86_64_21.0.6.v20250130-0529\jre\bin\nio.dll
0x00007ff9f5150000 - 0x00007ff9f5159000 	C:\eclipse\plugins\org.eclipse.justj.openjdk.hotspot.jre.full.win32.x86_64_21.0.6.v20250130-0529\jre\bin\extnet.dll
0x00007ff9f9e80000 - 0x00007ff9f9f4a000 	C:\WINDOWS\SYSTEM32\DNSAPI.dll
0x00007ff9f9e30000 - 0x00007ff9f9e6b000 	C:\WINDOWS\SYSTEM32\IPHLPAPI.DLL
0x00007ff9fbf40000 - 0x00007ff9fbf48000 	C:\WINDOWS\System32\NSI.dll
0x00007ff9f6470000 - 0x00007ff9f647a000 	C:\Windows\System32\rasadhlp.dll
0x00007ff9e9fb0000 - 0x00007ff9ea030000 	C:\WINDOWS\System32\fwpuclnt.dll
0x00007ff9f4f40000 - 0x00007ff9f4f4a000 	C:\eclipse\plugins\org.eclipse.justj.openjdk.hotspot.jre.full.win32.x86_64_21.0.6.v20250130-0529\jre\bin\management.dll
0x00007ff9f4e20000 - 0x00007ff9f4e2b000 	C:\eclipse\plugins\org.eclipse.justj.openjdk.hotspot.jre.full.win32.x86_64_21.0.6.v20250130-0529\jre\bin\management_ext.dll
0x00007ff9fcc20000 - 0x00007ff9fcc28000 	C:\WINDOWS\System32\PSAPI.DLL
0x00007ff9f2d70000 - 0x00007ff9f2d7e000 	C:\eclipse\plugins\org.eclipse.justj.openjdk.hotspot.jre.full.win32.x86_64_21.0.6.v20250130-0529\jre\bin\sunmscapi.dll
0x00007ff9fb190000 - 0x00007ff9fb2ed000 	C:\WINDOWS\System32\CRYPT32.dll
0x00007ff9fa4b0000 - 0x00007ff9fa4d7000 	C:\WINDOWS\SYSTEM32\ncrypt.dll
0x00007ff9fa470000 - 0x00007ff9fa4ab000 	C:\WINDOWS\SYSTEM32\NTASN1.dll
0x00007ff9fa3a0000 - 0x00007ff9fa3b8000 	C:\WINDOWS\SYSTEM32\CRYPTSP.dll
0x00007ff9f9a50000 - 0x00007ff9f9a88000 	C:\WINDOWS\system32\rsaenh.dll
0x00007ff9fa900000 - 0x00007ff9fa92e000 	C:\WINDOWS\SYSTEM32\USERENV.dll
0x00007ff9fa390000 - 0x00007ff9fa39c000 	C:\WINDOWS\SYSTEM32\CRYPTBASE.dll

dbghelp: loaded successfully - version: 4.0.5 - missing functions: none
symbol engine: initialized successfully - sym options: 0x614 - pdb path: .;C:\eclipse\plugins\org.eclipse.justj.openjdk.hotspot.jre.full.win32.x86_64_21.0.6.v20250130-0529\jre\bin;C:\WINDOWS\SYSTEM32;C:\WINDOWS\WinSxS\amd64_microsoft.windows.common-controls_6595b64144ccf1df_6.0.19041.6280_none_60bc30a171f2f3f3;C:\eclipse\plugins\org.eclipse.justj.openjdk.hotspot.jre.full.win32.x86_64_21.0.6.v20250130-0529\jre\bin\server

VM Arguments:
jvm_args: -Dfile.encoding=UTF-8 -Dstdout.encoding=UTF-8 -Dstderr.encoding=UTF-8 -XX:+ShowCodeDetailsInExceptionMessages 
java_command: org.test.SampleNew
java_class_path (initial): C:\Users\dell\eclipse-workspace\DoximoAug25Batch\bin;F:\Doximo25Aug\selenium java\auto-service-annotations-1.1.1.jar;F:\Doximo25Aug\selenium java\auto-service-annotations-1.1.1-sources.jar;F:\Doximo25Aug\selenium java\byte-buddy-1.17.6.jar;F:\Doximo25Aug\selenium java\byte-buddy-1.17.6-sources.jar;F:\Doximo25Aug\selenium java\commons-exec-1.5.0.jar;F:\Doximo25Aug\selenium java\commons-exec-1.5.0-sources.jar;F:\Doximo25Aug\selenium java\error_prone_annotations-2.38.0.jar;F:\Doximo25Aug\selenium java\error_prone_annotations-2.38.0-sources.jar;F:\Doximo25Aug\selenium java\failureaccess-1.0.3.jar;F:\Doximo25Aug\selenium java\failureaccess-1.0.3-sources.jar;F:\Doximo25Aug\selenium java\guava-33.4.8-jre.jar;F:\Doximo25Aug\selenium java\guava-33.4.8-jre-sources.jar;F:\Doximo25Aug\selenium java\j2objc-annotations-3.0.0.jar;F:\Doximo25Aug\selenium java\j2objc-annotations-3.0.0-sources.jar;F:\Doximo25Aug\selenium java\jspecify-1.0.0.jar;F:\Doximo25Aug\selenium java\jspecify-1.0.0-sources.jar;F:\Doximo25Aug\selenium java\listenablefuture-9999.0-empty-to-avoid-conflict-with-guava.jar;F:\Doximo25Aug\selenium java\opentelemetry-api-1.53.0.jar;F:\Doximo25Aug\selenium java\opentelemetry-api-1.53.0-sources.jar;F:\Doximo25Aug\selenium java\opentelemetry-common-1.53.0.jar;F:\Doximo25Aug\selenium java\opentelemetry-common-1.53.0-sources.jar;F:\Doximo25Aug\selenium java\opentelemetry-context-1.53.0.jar;F:\Doximo25Aug\selenium java\opentelemetry-context-1.53.0-sources.jar;F:\Doximo25Aug\selenium java\opentelemetry-exporter-logging-1.53.0.jar;F:\Doximo25Aug\selenium java\opentelemetry-exporter-logging-1.53.0-sources.jar;F:\Doximo25Aug\selenium java\opentelemetry-sdk-1.53.0.jar;F:\Doximo25Aug\selenium java\opentelemetry-sdk-1.53.0-sources.jar;F:\Doximo25Aug\selenium java\opentelemetry-sdk-common-1.53.0.jar;F:\Doximo25Aug\selenium java\opentelemetry-sdk-common-1.53.0-sources.jar;F:\Doximo25Aug\selenium java\opentelemetry-sdk-extension-autoconfigure-1.53.0.jar;F:\Doximo25Aug\selenium java\opentelemetry-sdk-extension-autoconfigure-1.53.0-sources.jar;F:\Doximo25Aug\selenium java\opentelemetry-sdk-extension-autoconfigure-spi-1.53.0.jar;F:\Doximo25Aug\selenium java\opentelemetry-sdk-extension-autoconfigure-spi-1.53.0-sources.jar;F:\Doximo25Aug\selenium java\opentelemetry-sdk-logs-1.53.0.jar;F:\Doximo25Aug\selenium java\opentelemetry-sdk-logs-1.53.0-sources.jar;F:\Doximo25Aug\selenium java\opentelemetry-sdk-metrics-1.53.0.jar;F:\Doximo25Aug\selenium java\opentelemetry-sdk-metrics-1.53.0-sources.jar;F:\Doximo25Aug\selenium java\opentelemetry-sdk-trace-1.53.0.jar;F:\Doximo25Aug\selenium java\opentelemetry-sdk-trace-1.53.0-sources.jar;F:\Doximo25Aug\selenium java\selenium-api-4.35.0.jar;F:\Doximo25Aug\selenium java\selenium-api-4.35.0-sources.jar;F:\Doximo25Aug\selenium java\selenium-chrome-driver-4.35.0.jar;F:\Doximo25Aug\selenium java\selenium-chrome-driver-4.35.0-sources.jar;F:\Doximo25Aug\selenium java\selenium-chromium-driver-4.35.0.jar;F:\Doximo25Aug\selenium java\selenium-chromium-driver-4.35.0-sources.jar;F:\Doximo25Aug\selenium java\selenium-devtools-v137-4.35.0.jar;F:\Doximo25Aug\selenium java\selenium-devtools-v137-4.35.0-sources.jar;F:\Doximo25Aug\selenium java\selenium-devtools-v138-4.35.0.jar;F:\Doximo25Aug\selenium java\selenium-devtools-v138-4.35.0-sources.jar;F:\Doximo25Aug\selenium java\selenium-devtools-v139-4.35.0.jar;F:\Doximo25Aug\selenium java\selenium-devtools-v139-4.35.0-sources.jar;F:\Doximo25Aug\selenium java\selenium-edge-driver-4.35.0.jar;F:\Doximo25Aug\selenium java\selenium-edge-driver-4.35.0-sources.jar;F:\Doximo25Aug\selenium java\selenium-firefox-driver-4.35.0.jar;F:\Doximo25Aug\selenium java\selenium-firefox-driver-4.35.0-sources.jar;F:\Doximo25Aug\selenium java\selenium-http-4.35.0.jar;F:\Doximo25Aug\selenium java\selenium-http-4.35.0-sources.jar;F:\Doximo25Aug\selenium java\selenium-ie-driver-4.35.0.jar;F:\Doximo25Aug\selenium java\selenium-ie-driver-4.35.0-sources.jar;F:\Doximo25Aug\selenium java\selenium-java-4.35.0.jar;F:\Doximo25Aug\selenium java\selenium-java-4.35.0-sources.jar;F:\Doximo25Aug\selenium java\selenium-json-4.35.0.jar;F:\Doximo25Aug\selenium java\selenium-json-4.35.0-sources.jar;F:\Doximo25Aug\selenium java\selenium-manager-4.35.0.jar;F:\Doximo25Aug\selenium java\selenium-manager-4.35.0-sources.jar;F:\Doximo25Aug\selenium java\selenium-os-4.35.0.jar;F:\Doximo25Aug\selenium java\selenium-os-4.35.0-sources.jar;F:\Doximo25Aug\selenium java\selenium-remote-driver-4.35.0.jar;F:\Doximo25Aug\selenium java\selenium-remote-driver-4.35.0-sources.jar;F:\Doximo25Aug\selenium java\selenium-safari-driver-4.35.0.jar;F:\Doximo25Aug\selenium java\selenium-safari-driver-4.35.0-sources.jar;F:\Doximo25Aug\selenium java\selenium-support-4.35.0.jar;F:\Doximo25Aug\selenium java\selenium-support-4.35.0-sources.jar;F:\Download\commons-io-2.20.0.jar
Launcher Type: SUN_STANDARD

[Global flags]
     intx CICompilerCount                          = 3                                         {product} {ergonomic}
     uint ConcGCThreads                            = 1                                         {product} {ergonomic}
     uint G1ConcRefinementThreads                  = 4                                         {product} {ergonomic}
   size_t G1HeapRegionSize                         = 1048576                                   {product} {ergonomic}
    uintx GCDrainStackTargetSize                   = 64                                        {product} {ergonomic}
   size_t InitialHeapSize                          = 134217728                                 {product} {ergonomic}
   size_t MarkStackSize                            = 4194304                                   {product} {ergonomic}
   size_t MaxHeapSize                              = 2118123520                                {product} {ergonomic}
   size_t MaxNewSize                               = 1270874112                                {product} {ergonomic}
   size_t MinHeapDeltaBytes                        = 1048576                                   {product} {ergonomic}
   size_t MinHeapSize                              = 8388608                                   {product} {ergonomic}
    uintx NonNMethodCodeHeapSize                   = 5832780                                {pd product} {ergonomic}
    uintx NonProfiledCodeHeapSize                  = 122912730                              {pd product} {ergonomic}
    uintx ProfiledCodeHeapSize                     = 122912730                              {pd product} {ergonomic}
    uintx ReservedCodeCacheSize                    = 251658240                              {pd product} {ergonomic}
     bool SegmentedCodeCache                       = true                                      {product} {ergonomic}
     bool ShowCodeDetailsInExceptionMessages       = true                                   {manageable} {command line}
   size_t SoftMaxHeapSize                          = 2118123520                             {manageable} {ergonomic}
     bool UseCompressedOops                        = true                           {product lp64_product} {ergonomic}
     bool UseG1GC                                  = true                                      {product} {ergonomic}
     bool UseLargePagesIndividualAllocation        = false                                  {pd product} {ergonomic}

Logging:
Log output configuration:
 #0: stdout all=warning uptime,level,tags foldmultilines=false
 #1: stderr all=off uptime,level,tags foldmultilines=false

Environment Variables:
JAVA_HOME=C:\Program Files\Java\jdk-17
PATH=C:/eclipse//plugins/org.eclipse.justj.openjdk.hotspot.jre.full.win32.x86_64_21.0.7.v20250502-0916/jre/bin/server;C:/eclipse//plugins/org.eclipse.justj.openjdk.hotspot.jre.full.win32.x86_64_21.0.7.v20250502-0916/jre/bin;C:\Program Files\Java\jdk-17\bin;C:\Program Files\apache-maven-3.9.5\bin;C:\Program Files\Common Files\Oracle\Java\javapath;C:\Program Files (x86)\Common Files\Oracle\Java\javapath;C:\WINDOWS\system32;C:\WINDOWS;C:\WINDOWS\System32\Wbem;C:\WINDOWS\System32\WindowsPowerShell\v1.0\;C:\WINDOWS\System32\OpenSSH\;C:\Program Files\Git\cmd;C:\Program Files\nodejs\;C:\Users\dell\AppData\Local\Microsoft\WindowsApps;C:\Users\dell\AppData\Roaming\npm;C:\Users\dell\AppData\Local\Programs\Microsoft VS Code\bin;C:\eclipse;
USERNAME=dell
OS=Windows_NT
PROCESSOR_IDENTIFIER=Intel64 Family 6 Model 61 Stepping 4, GenuineIntel
TMP=C:\Users\dell\AppData\Local\Temp
TEMP=C:\Users\dell\AppData\Local\Temp




Periodic native trim disabled

---------------  S Y S T E M  ---------------

OS:
 Windows 10 , 64 bit Build 19041 (10.0.19041.5915)
OS uptime: 2 days 12:09 hours

CPU: total 4 (initial active 4) (2 cores per cpu, 2 threads per core) family 6 model 61 stepping 4 microcode 0x2f, cx8, cmov, fxsr, ht, mmx, 3dnowpref, sse, sse2, sse3, ssse3, sse4.1, sse4.2, popcnt, lzcnt, tsc, tscinvbit, avx, avx2, aes, erms, clmul, bmi1, bmi2, rtm, adx, fma, vzeroupper, clflush, rdtscp, f16c
Processor Information for the first 4 processors :
  Max Mhz: 2295, Current Mhz: 2295, Mhz Limit: 2295

Memory: 4k page, system-wide physical 8072M (672M free)
TotalPageFile size 11784M (AvailPageFile size 3M)
current process WorkingSet (physical memory assigned to process): 73M, peak: 73M
current process commit charge ("private bytes"): 213M, peak: 213M

vm_info: OpenJDK 64-Bit Server VM (21.0.6+7-LTS) for windows-amd64 JRE (21.0.6+7-LTS), built on 2025-01-21T00:00:00Z by "admin" with MS VC++ 17.7 (VS2022)

END.
